<?xml version="1.0" encoding="UTF-8"?>
<testsuite xmlns:xsi="http://www.w3.org/2001/XMLSchema-instance" xsi:noNamespaceSchemaLocation="https://maven.apache.org/surefire/maven-surefire-plugin/xsd/surefire-test-report.xsd" version="3.0.2" name="com.career.core.modules.recommendation.RecommendationEngineTest" time="0.048" tests="2" errors="0" skipped="0" failures="0" flakes="0">
  <properties>
[...]
</properties>
  <testcase name="filterActive_仅保留启用方向" classname="com.career.core.modules.recommendation.RecommendationEngineTest" time="0.024"/>
  <testcase name="score_评分在0到1之间且结果确定" classname="com.career.core.modules.recommendation.RecommendationEngineTest" time="0.007"/>
</testsuite>